<?xml version="1.0" encoding="UTF-8"?>
<testsuite name="erp_ksh.SqlSessionTest" tests="1" skipped="0" failures="0" errors="0" timestamp="2017-05-11T00:50:45" hostname="DESKTOP-6QUKVG8" time="0.011">
  <properties/>
  <testcase name="testSql" classname="erp_ksh.SqlSessionTest" time="0.011"/>
  <system-out><![CDATA[]]></system-out>
  <system-err><![CDATA[]]></system-err>
</testsuite>
