<?xml version="1.0" encoding="UTF-8"?>
<testsuite name="erp_ksh.SqlSessionTest" tests="1" skipped="0" failures="0" errors="0" timestamp="2017-05-16T10:53:16" hostname="DESKTOP-6QUKVG8" time="0.0">
  <properties/>
  <testcase name="testSql" classname="erp_ksh.SqlSessionTest" time="0.0"/>
  <system-out><![CDATA[]]></system-out>
  <system-err><![CDATA[]]></system-err>
</testsuite>
